<?xml version="1.0" encoding="UTF-8"?>
<testng-results ignored="0" total="1" passed="1" failed="0" skipped="0">
  <reporter-output>
  </reporter-output>
  <suite started-at="2021-08-31T21:09:46 IST" name="Suite" finished-at="2021-08-31T21:09:47 IST" duration-ms="70">
    <groups>
    </groups>
    <test started-at="2021-08-31T21:09:46 IST" name="Test" finished-at="2021-08-31T21:09:47 IST" duration-ms="70">
      <class name="testng.TestngdemoTest">
        <test-method is-config="true" signature="beforeMethod()[pri:0, instance:testng.TestngdemoTest@67080771]" started-at="2021-08-31T21:09:47 IST" name="beforeMethod" finished-at="2021-08-31T21:09:47 IST" duration-ms="11" status="PASS">
          <reporter-output>
          </reporter-output>
        </test-method> <!-- beforeMethod -->
        <test-method signature="f()[pri:0, instance:testng.TestngdemoTest@67080771]" started-at="2021-08-31T21:09:47 IST" name="f" finished-at="2021-08-31T21:09:47 IST" duration-ms="2" status="PASS">
          <reporter-output>
          </reporter-output>
        </test-method> <!-- f -->
        <test-method is-config="true" signature="afterMethod()[pri:0, instance:testng.TestngdemoTest@67080771]" started-at="2021-08-31T21:09:47 IST" name="afterMethod" finished-at="2021-08-31T21:09:47 IST" duration-ms="1" status="PASS">
          <reporter-output>
          </reporter-output>
        </test-method> <!-- afterMethod -->
      </class> <!-- testng.TestngdemoTest -->
    </test> <!-- Test -->
  </suite> <!-- Suite -->
</testng-results>
