<?xml version="1.0" encoding="UTF-8"?>
<testng-results ignored="0" total="1" passed="1" failed="0" skipped="0">
  <reporter-output>
  </reporter-output>
  <suite started-at="2021-08-31T21:09:30 IST" name="Default suite" finished-at="2021-08-31T21:09:30 IST" duration-ms="160">
    <groups>
    </groups>
    <test started-at="2021-08-31T21:09:30 IST" name="Default test" finished-at="2021-08-31T21:09:30 IST" duration-ms="160">
      <class name="testng.TestngdemoTest">
        <test-method is-config="true" signature="beforeMethod()[pri:0, instance:testng.TestngdemoTest@65ef722a]" started-at="2021-08-31T21:09:30 IST" name="beforeMethod" finished-at="2021-08-31T21:09:30 IST" duration-ms="17" status="PASS">
          <reporter-output>
          </reporter-output>
        </test-method> <!-- beforeMethod -->
        <test-method signature="f()[pri:0, instance:testng.TestngdemoTest@65ef722a]" started-at="2021-08-31T21:09:30 IST" name="f" finished-at="2021-08-31T21:09:30 IST" duration-ms="15" status="PASS">
          <reporter-output>
          </reporter-output>
        </test-method> <!-- f -->
        <test-method is-config="true" signature="afterMethod()[pri:0, instance:testng.TestngdemoTest@65ef722a]" started-at="2021-08-31T21:09:30 IST" name="afterMethod" finished-at="2021-08-31T21:09:30 IST" duration-ms="0" status="PASS">
          <reporter-output>
          </reporter-output>
        </test-method> <!-- afterMethod -->
      </class> <!-- testng.TestngdemoTest -->
    </test> <!-- Default test -->
  </suite> <!-- Default suite -->
</testng-results>
